[16:55:16] [Server thread/INFO]: Starting minecraft server version 1.15.1
[16:55:16] [Server thread/INFO]: Loading properties
[16:55:17] [Server thread/INFO]: This server is running CraftBukkit version git-Spigot-037559e-5c6b0dc (MC: 1.15.1) (Implementing API version 1.15.1-R0.1-SNAPSHOT)
[16:55:18] [Server thread/INFO]: Server Ping Player Sample Count: 12
[16:55:18] [Server thread/INFO]: Using 4 threads for Netty based IO
[16:55:18] [Server thread/INFO]: Debug logging is disabled
[16:55:18] [Server thread/INFO]: Default game type: SURVIVAL
[16:55:18] [Server thread/INFO]: Generating keypair
[16:55:21] [Server thread/INFO]: Starting Minecraft server on *:25565
[16:55:22] [Server thread/INFO]: Using default channel type
[16:55:23] [Server thread/WARN]: **** SERVER IS RUNNING IN OFFLINE/INSECURE MODE!
[16:55:23] [Server thread/WARN]: The server will make no attempt to authenticate usernames. Beware.
[16:55:23] [Server thread/WARN]: While this makes the game possible to play without internet access, it also opens up the ability for hackers to connect with any username they choose.
[16:55:23] [Server thread/WARN]: To change this, set "online-mode" to "true" in the server.properties file.
[16:55:24] [Server thread/INFO]: Preparing level "world"
[16:55:25] [Server thread/INFO]: Reloading ResourceManager: Default, bukkit
[16:55:54] [Server thread/INFO]: Loaded 6 recipes
[16:56:15] [Server thread/INFO]: -------- World Settings For [world] --------
[16:56:15] [Server thread/INFO]: Zombie Aggressive Towards Villager: true
[16:56:15] [Server thread/INFO]: Nerfing mobs spawned from spawners: false
[16:56:15] [Server thread/INFO]: Entity Tracking Range: Pl 48 / An 48 / Mo 48 / Mi 32 / Other 64
[16:56:15] [Server thread/INFO]: Hopper Transfer: 8 Hopper Check: 1 Hopper Amount: 1
[16:56:15] [Server thread/INFO]: Custom Map Seeds:  Village: 10387312 Desert: 14357617 Igloo: 14357618 Jungle: 14357619 Swamp: 14357620 Monument: 10387313Ocean: 14357621 Shipwreck: 165745295 Slime: 987234911
[16:56:15] [Server thread/INFO]: Max TNT Explosions: 100
[16:56:15] [Server thread/INFO]: Tile Max Tick Time: 50ms Entity max Tick Time: 50ms
[16:56:15] [Server thread/INFO]: Mob Spawn Range: 6
[16:56:15] [Server thread/INFO]: Cactus Growth Modifier: 100%
[16:56:15] [Server thread/INFO]: Cane Growth Modifier: 100%
[16:56:15] [Server thread/INFO]: Melon Growth Modifier: 100%
[16:56:15] [Server thread/INFO]: Mushroom Growth Modifier: 100%
[16:56:15] [Server thread/INFO]: Pumpkin Growth Modifier: 100%
[16:56:15] [Server thread/INFO]: Sapling Growth Modifier: 100%
[16:56:15] [Server thread/INFO]: Beetroot Growth Modifier: 100%
[16:56:15] [Server thread/INFO]: Carrot Growth Modifier: 100%
[16:56:15] [Server thread/INFO]: Potato Growth Modifier: 100%
[16:56:15] [Server thread/INFO]: Wheat Growth Modifier: 100%
[16:56:15] [Server thread/INFO]: NetherWart Growth Modifier: 100%
[16:56:15] [Server thread/INFO]: Vine Growth Modifier: 100%
[16:56:15] [Server thread/INFO]: Cocoa Growth Modifier: 100%
[16:56:15] [Server thread/INFO]: Bamboo Growth Modifier: 100%
[16:56:15] [Server thread/INFO]: SweetBerry Growth Modifier: 100%
[16:56:15] [Server thread/INFO]: Kelp Growth Modifier: 100%
[16:56:15] [Server thread/INFO]: Entity Activation Range: An 32 / Mo 32 / Ra 48 / Mi 16 / Tiv true
[16:56:15] [Server thread/INFO]: Experience Merge Radius: 6.0
[16:56:15] [Server thread/INFO]: Arrow Despawn Rate: 1200 Trident Respawn Rate:1200
[16:56:15] [Server thread/INFO]: Allow Zombie Pigmen to spawn from portal blocks: true
[16:56:15] [Server thread/INFO]: Item Merge Radius: 4.5
[16:56:15] [Server thread/INFO]: Item Despawn Rate: 6000
[16:56:15] [Server thread/INFO]: View Distance: 4
[16:57:12] [Server thread/INFO]: -------- World Settings For [world_nether] --------
[16:57:12] [Server thread/INFO]: Zombie Aggressive Towards Villager: true
[16:57:12] [Server thread/INFO]: Nerfing mobs spawned from spawners: false
[16:57:12] [Server thread/INFO]: Entity Tracking Range: Pl 48 / An 48 / Mo 48 / Mi 32 / Other 64
[16:57:12] [Server thread/INFO]: Hopper Transfer: 8 Hopper Check: 1 Hopper Amount: 1
[16:57:12] [Server thread/INFO]: Custom Map Seeds:  Village: 10387312 Desert: 14357617 Igloo: 14357618 Jungle: 14357619 Swamp: 14357620 Monument: 10387313Ocean: 14357621 Shipwreck: 165745295 Slime: 987234911
[16:57:12] [Server thread/INFO]: Max TNT Explosions: 100
[16:57:12] [Server thread/INFO]: Tile Max Tick Time: 50ms Entity max Tick Time: 50ms
[16:57:12] [Server thread/INFO]: Mob Spawn Range: 6
[16:57:12] [Server thread/INFO]: Cactus Growth Modifier: 100%
[16:57:12] [Server thread/INFO]: Cane Growth Modifier: 100%
[16:57:12] [Server thread/INFO]: Melon Growth Modifier: 100%
[16:57:12] [Server thread/INFO]: Mushroom Growth Modifier: 100%
[16:57:12] [Server thread/INFO]: Pumpkin Growth Modifier: 100%
[16:57:12] [Server thread/INFO]: Sapling Growth Modifier: 100%
[16:57:12] [Server thread/INFO]: Beetroot Growth Modifier: 100%
[16:57:12] [Server thread/INFO]: Carrot Growth Modifier: 100%
[16:57:12] [Server thread/INFO]: Potato Growth Modifier: 100%
[16:57:12] [Server thread/INFO]: Wheat Growth Modifier: 100%
[16:57:12] [Server thread/INFO]: NetherWart Growth Modifier: 100%
[16:57:12] [Server thread/INFO]: Vine Growth Modifier: 100%
[16:57:12] [Server thread/INFO]: Cocoa Growth Modifier: 100%
[16:57:12] [Server thread/INFO]: Bamboo Growth Modifier: 100%
[16:57:12] [Server thread/INFO]: SweetBerry Growth Modifier: 100%
[16:57:12] [Server thread/INFO]: Kelp Growth Modifier: 100%
[16:57:12] [Server thread/INFO]: Entity Activation Range: An 32 / Mo 32 / Ra 48 / Mi 16 / Tiv true
[16:57:12] [Server thread/INFO]: Experience Merge Radius: 6.0
[16:57:12] [Server thread/INFO]: Arrow Despawn Rate: 1200 Trident Respawn Rate:1200
[16:57:12] [Server thread/INFO]: Allow Zombie Pigmen to spawn from portal blocks: true
[16:57:12] [Server thread/INFO]: Item Merge Radius: 4.5
[16:57:12] [Server thread/INFO]: Item Despawn Rate: 6000
[16:57:12] [Server thread/INFO]: View Distance: 4
[16:57:12] [Server thread/INFO]: -------- World Settings For [world_the_end] --------
[16:57:12] [Server thread/INFO]: Zombie Aggressive Towards Villager: true
[16:57:12] [Server thread/INFO]: Nerfing mobs spawned from spawners: false
[16:57:12] [Server thread/INFO]: Entity Tracking Range: Pl 48 / An 48 / Mo 48 / Mi 32 / Other 64
[16:57:12] [Server thread/INFO]: Hopper Transfer: 8 Hopper Check: 1 Hopper Amount: 1
[16:57:12] [Server thread/INFO]: Custom Map Seeds:  Village: 10387312 Desert: 14357617 Igloo: 14357618 Jungle: 14357619 Swamp: 14357620 Monument: 10387313Ocean: 14357621 Shipwreck: 165745295 Slime: 987234911
[16:57:12] [Server thread/INFO]: Max TNT Explosions: 100
[16:57:12] [Server thread/INFO]: Tile Max Tick Time: 50ms Entity max Tick Time: 50ms
[16:57:12] [Server thread/INFO]: Mob Spawn Range: 6
[16:57:12] [Server thread/INFO]: Cactus Growth Modifier: 100%
[16:57:12] [Server thread/INFO]: Cane Growth Modifier: 100%
[16:57:12] [Server thread/INFO]: Melon Growth Modifier: 100%
[16:57:12] [Server thread/INFO]: Mushroom Growth Modifier: 100%
[16:57:12] [Server thread/INFO]: Pumpkin Growth Modifier: 100%
[16:57:12] [Server thread/INFO]: Sapling Growth Modifier: 100%
[16:57:12] [Server thread/INFO]: Beetroot Growth Modifier: 100%
[16:57:12] [Server thread/INFO]: Carrot Growth Modifier: 100%
[16:57:12] [Server thread/INFO]: Potato Growth Modifier: 100%
[16:57:12] [Server thread/INFO]: Wheat Growth Modifier: 100%
[16:57:12] [Server thread/INFO]: NetherWart Growth Modifier: 100%
[16:57:12] [Server thread/INFO]: Vine Growth Modifier: 100%
[16:57:12] [Server thread/INFO]: Cocoa Growth Modifier: 100%
[16:57:12] [Server thread/INFO]: Bamboo Growth Modifier: 100%
[16:57:12] [Server thread/INFO]: SweetBerry Growth Modifier: 100%
[16:57:12] [Server thread/INFO]: Kelp Growth Modifier: 100%
[16:57:12] [Server thread/INFO]: Entity Activation Range: An 32 / Mo 32 / Ra 48 / Mi 16 / Tiv true
[16:57:12] [Server thread/INFO]: Experience Merge Radius: 6.0
[16:57:12] [Server thread/INFO]: Arrow Despawn Rate: 1200 Trident Respawn Rate:1200
[16:57:12] [Server thread/INFO]: Allow Zombie Pigmen to spawn from portal blocks: true
[16:57:12] [Server thread/INFO]: Item Merge Radius: 4.5
[16:57:12] [Server thread/INFO]: Item Despawn Rate: 6000
[16:57:12] [Server thread/INFO]: View Distance: 4
[16:57:12] [Server thread/INFO]: Preparing start region for dimension 'world'/minecraft:overworld
[16:57:20] [Server thread/INFO]: Preparing spawn area: 0%
[16:57:20] [Server thread/INFO]: Preparing spawn area: 0%
[16:57:20] [Server thread/INFO]: Preparing spawn area: 0%
[16:57:20] [Server thread/INFO]: Preparing spawn area: 0%
[16:57:20] [Server thread/INFO]: Preparing spawn area: 0%
[16:57:20] [Server thread/INFO]: Preparing spawn area: 0%
[16:57:20] [Server thread/INFO]: Preparing spawn area: 0%
[16:57:20] [Server thread/INFO]: Preparing spawn area: 0%
[16:57:20] [Server thread/INFO]: Preparing spawn area: 0%
[16:57:20] [Server thread/INFO]: Preparing spawn area: 0%
[16:57:20] [Server thread/INFO]: Preparing spawn area: 0%
[16:57:20] [Server thread/INFO]: Preparing spawn area: 0%
[16:57:20] [Server thread/INFO]: Preparing spawn area: 0%
[16:57:20] [Server thread/INFO]: Preparing spawn area: 0%
[16:57:20] [Server thread/INFO]: Preparing spawn area: 0%
[16:57:20] [Server thread/INFO]: Preparing spawn area: 0%
[16:57:20] [Server-Worker-3/INFO]: Preparing spawn area: 0%
[16:57:23] [Server thread/INFO]: Preparing spawn area: 0%
[16:57:23] [Server thread/INFO]: Preparing spawn area: 0%
[16:57:23] [Server thread/INFO]: Preparing spawn area: 0%
[16:57:23] [Server thread/INFO]: Preparing spawn area: 0%
[16:57:23] [Server thread/INFO]: Preparing spawn area: 0%
[16:57:27] [Server thread/INFO]: Preparing spawn area: 0%
[16:57:27] [Server thread/INFO]: Preparing spawn area: 0%
[16:57:27] [Server thread/INFO]: Preparing spawn area: 0%
[16:57:27] [Server thread/INFO]: Preparing spawn area: 0%
[16:57:27] [Server thread/INFO]: Preparing spawn area: 0%
[16:57:27] [Server thread/INFO]: Preparing spawn area: 0%
[16:57:27] [Server thread/INFO]: Preparing spawn area: 0%
[16:57:27] [Server thread/INFO]: Preparing spawn area: 0%
[16:57:27] [Server thread/INFO]: Preparing spawn area: 0%
[16:57:33] [Server thread/INFO]: Preparing spawn area: 15%
[16:57:33] [Server thread/INFO]: Preparing spawn area: 15%
[16:57:33] [Server thread/INFO]: Preparing spawn area: 15%
[16:57:33] [Server thread/INFO]: Preparing spawn area: 15%
[16:57:33] [Server thread/INFO]: Preparing spawn area: 15%
[16:57:33] [Server thread/INFO]: Preparing spawn area: 15%
[16:57:33] [Server thread/INFO]: Preparing spawn area: 15%
[16:57:33] [Server thread/INFO]: Preparing spawn area: 15%
[16:57:33] [Server thread/INFO]: Preparing spawn area: 15%
[16:57:33] [Server thread/INFO]: Preparing spawn area: 15%
[16:57:33] [Server thread/INFO]: Preparing spawn area: 15%
[16:57:33] [Server thread/INFO]: Preparing spawn area: 15%
[16:57:34] [Server thread/INFO]: Preparing spawn area: 44%
[16:57:34] [Server thread/INFO]: Preparing spawn area: 44%
[16:57:35] [Server thread/INFO]: Preparing spawn area: 52%
[16:57:36] [Server thread/INFO]: Preparing spawn area: 52%
[16:57:36] [Server thread/INFO]: Preparing spawn area: 52%
[16:57:36] [Server thread/INFO]: Preparing spawn area: 59%
[16:57:37] [Server thread/INFO]: Preparing spawn area: 63%
[16:57:37] [Server thread/INFO]: Preparing spawn area: 63%
[16:57:38] [Server thread/INFO]: Preparing spawn area: 68%
[16:57:58] [Server-Worker-3/INFO]: Preparing spawn area: 83%
[16:57:58] [Server-Worker-3/INFO]: Preparing spawn area: 83%
[16:57:58] [Server-Worker-2/INFO]: Preparing spawn area: 83%
[16:57:58] [Server-Worker-1/INFO]: Preparing spawn area: 83%
[16:57:58] [Server-Worker-2/INFO]: Preparing spawn area: 83%
[16:57:58] [Server-Worker-1/INFO]: Preparing spawn area: 83%
[16:57:58] [Server-Worker-2/INFO]: Preparing spawn area: 83%
[16:57:58] [Server-Worker-2/INFO]: Preparing spawn area: 83%
[16:57:58] [Server-Worker-1/INFO]: Preparing spawn area: 83%
[16:57:58] [Server-Worker-2/INFO]: Preparing spawn area: 83%
[16:57:58] [Server-Worker-2/INFO]: Preparing spawn area: 83%
[16:57:58] [Server-Worker-2/INFO]: Preparing spawn area: 83%
[16:57:58] [Server-Worker-2/INFO]: Preparing spawn area: 83%
[16:57:58] [Server-Worker-2/INFO]: Preparing spawn area: 83%
[16:57:58] [Server-Worker-2/INFO]: Preparing spawn area: 83%
[16:57:58] [Server-Worker-2/INFO]: Preparing spawn area: 83%
[16:57:58] [Server-Worker-2/INFO]: Preparing spawn area: 83%
[16:57:58] [Server-Worker-2/INFO]: Preparing spawn area: 83%
[16:57:58] [Server-Worker-1/INFO]: Preparing spawn area: 83%
[16:57:58] [Server-Worker-1/INFO]: Preparing spawn area: 83%
[16:57:58] [Server-Worker-1/INFO]: Preparing spawn area: 83%
[16:57:58] [Server-Worker-1/INFO]: Preparing spawn area: 83%
[16:57:58] [Server-Worker-1/INFO]: Preparing spawn area: 83%
[16:57:58] [Server-Worker-1/INFO]: Preparing spawn area: 83%
[16:57:58] [Server-Worker-1/INFO]: Preparing spawn area: 83%
[16:57:58] [Server-Worker-3/INFO]: Preparing spawn area: 83%
[16:57:58] [Server-Worker-3/INFO]: Preparing spawn area: 83%
[16:57:58] [Server-Worker-3/INFO]: Preparing spawn area: 83%
[16:57:58] [Server-Worker-1/INFO]: Preparing spawn area: 83%
[16:57:58] [Server-Worker-2/INFO]: Preparing spawn area: 83%
[16:57:58] [Server-Worker-3/INFO]: Preparing spawn area: 83%
[16:57:58] [Server-Worker-3/INFO]: Preparing spawn area: 83%
[16:57:58] [Server-Worker-3/INFO]: Preparing spawn area: 83%
[16:57:58] [Server-Worker-3/INFO]: Preparing spawn area: 83%
[16:57:58] [Server-Worker-3/INFO]: Preparing spawn area: 83%
[16:57:58] [Server-Worker-3/INFO]: Preparing spawn area: 83%
[16:57:58] [Server-Worker-3/INFO]: Preparing spawn area: 83%
[16:57:58] [Server-Worker-3/INFO]: Preparing spawn area: 83%
[16:57:58] [Server-Worker-3/INFO]: Preparing spawn area: 83%
[16:57:58] [Server-Worker-3/INFO]: Preparing spawn area: 83%
[16:57:58] [Server-Worker-1/INFO]: Preparing spawn area: 83%
[16:58:00] [Server thread/INFO]: Preparing spawn area: 83%
[16:58:00] [Server thread/INFO]: Preparing spawn area: 83%
[16:58:00] [Server thread/INFO]: Preparing spawn area: 83%
[16:58:00] [Server-Worker-3/INFO]: Preparing spawn area: 99%
[16:58:01] [Server-Worker-3/INFO]: Preparing spawn area: 99%
[16:58:02] [Server-Worker-1/INFO]: Preparing spawn area: 99%
[16:58:02] [Server-Worker-2/INFO]: Preparing spawn area: 99%
[16:58:02] [Server-Worker-1/INFO]: Preparing spawn area: 99%
[16:58:03] [Server-Worker-1/INFO]: Preparing spawn area: 99%
[16:58:03] [Server-Worker-1/INFO]: Preparing spawn area: 99%
[16:58:04] [Server-Worker-2/INFO]: Preparing spawn area: 99%
[16:58:04] [Server-Worker-2/INFO]: Preparing spawn area: 99%
[16:58:05] [Server-Worker-3/INFO]: Preparing spawn area: 99%
[16:58:05] [Server-Worker-2/INFO]: Preparing spawn area: 99%
[16:58:06] [Server-Worker-1/INFO]: Preparing spawn area: 99%
[16:58:06] [Server-Worker-1/INFO]: Preparing spawn area: 99%
[16:58:07] [Server thread/INFO]: Preparing spawn area: 99%
[16:58:07] [Server-Worker-1/INFO]: Preparing spawn area: 99%
[16:58:08] [Server-Worker-1/INFO]: Preparing spawn area: 99%
[16:58:09] [Server thread/INFO]: Preparing spawn area: 99%
[16:58:09] [Server thread/INFO]: Preparing spawn area: 99%
[16:58:09] [Server thread/INFO]: Preparing spawn area: 99%
[16:58:09] [Server thread/INFO]: Time elapsed: 57487 ms
[16:58:10] [Server thread/INFO]: Preparing start region for dimension 'world_nether'/minecraft:the_nether
[16:58:16] [Server thread/INFO]: Preparing spawn area: 0%
[16:58:16] [Server thread/INFO]: Preparing spawn area: 0%
[16:58:16] [Server thread/INFO]: Preparing spawn area: 0%
[16:58:16] [Server thread/INFO]: Preparing spawn area: 0%
[16:58:16] [Server thread/INFO]: Preparing spawn area: 0%
[16:58:16] [Server thread/INFO]: Preparing spawn area: 0%
[16:58:16] [Server thread/INFO]: Preparing spawn area: 0%
[16:58:16] [Server thread/INFO]: Preparing spawn area: 0%
[16:58:16] [Server thread/INFO]: Preparing spawn area: 0%
[16:58:16] [Server thread/INFO]: Preparing spawn area: 0%
[16:58:16] [Server thread/INFO]: Preparing spawn area: 0%
[16:58:16] [Server thread/INFO]: Preparing spawn area: 0%
[16:58:16] [Server thread/INFO]: Preparing spawn area: 0%
[16:58:16] [Server thread/INFO]: Preparing spawn area: 0%
[16:58:17] [Server thread/INFO]: Preparing spawn area: 11%
[16:58:17] [Server-Worker-2/INFO]: Preparing spawn area: 83%
[16:58:18] [Server-Worker-3/INFO]: Preparing spawn area: 83%
[16:58:18] [Server-Worker-2/INFO]: Preparing spawn area: 83%
[16:58:19] [Server-Worker-2/INFO]: Preparing spawn area: 83%
[16:58:19] [Server-Worker-3/INFO]: Preparing spawn area: 83%
[16:58:20] [Server-Worker-3/INFO]: Preparing spawn area: 83%
[16:58:20] [Server-Worker-3/INFO]: Preparing spawn area: 83%
[16:58:21] [Server-Worker-1/INFO]: Preparing spawn area: 83%
[16:58:21] [Server-Worker-1/INFO]: Preparing spawn area: 83%
[16:58:22] [Server-Worker-3/INFO]: Preparing spawn area: 83%
[16:58:22] [Server-Worker-3/INFO]: Preparing spawn area: 83%
[16:58:23] [Server-Worker-1/INFO]: Preparing spawn area: 83%
[16:58:23] [Server-Worker-1/INFO]: Preparing spawn area: 83%
[16:58:24] [Server-Worker-3/INFO]: Preparing spawn area: 83%
[16:58:24] [Server-Worker-3/INFO]: Preparing spawn area: 83%
[16:58:25] [Server-Worker-3/INFO]: Preparing spawn area: 83%
[16:58:25] [Server-Worker-1/INFO]: Preparing spawn area: 83%
[16:58:26] [Server-Worker-3/INFO]: Preparing spawn area: 83%
[16:58:26] [Server-Worker-3/INFO]: Preparing spawn area: 83%
[16:58:27] [Server-Worker-3/INFO]: Preparing spawn area: 83%
[16:58:27] [Server-Worker-3/INFO]: Preparing spawn area: 83%
[16:58:28] [Server-Worker-3/INFO]: Preparing spawn area: 83%
[16:58:28] [Server-Worker-3/INFO]: Preparing spawn area: 83%
[16:58:29] [Server-Worker-1/INFO]: Preparing spawn area: 83%
[16:58:29] [Server-Worker-3/INFO]: Preparing spawn area: 83%
[16:58:30] [Server-Worker-1/INFO]: Preparing spawn area: 83%
[16:58:30] [Server-Worker-1/INFO]: Preparing spawn area: 83%
[16:58:31] [Server-Worker-2/INFO]: Preparing spawn area: 83%
[16:58:31] [Server-Worker-2/INFO]: Preparing spawn area: 83%
[16:58:32] [Server-Worker-3/INFO]: Preparing spawn area: 83%
[16:58:32] [Server-Worker-3/INFO]: Preparing spawn area: 83%
[16:58:33] [Server-Worker-3/INFO]: Preparing spawn area: 83%
[16:58:33] [Server-Worker-3/INFO]: Preparing spawn area: 83%
[16:58:34] [Server-Worker-2/INFO]: Preparing spawn area: 83%
[16:58:34] [Server-Worker-2/INFO]: Preparing spawn area: 83%
[16:58:35] [Server-Worker-1/INFO]: Preparing spawn area: 83%
[16:58:35] [Server-Worker-3/INFO]: Preparing spawn area: 83%
[16:58:36] [Server-Worker-1/INFO]: Preparing spawn area: 84%
[16:58:36] [Server-Worker-3/INFO]: Preparing spawn area: 84%
[16:58:37] [Server-Worker-1/INFO]: Preparing spawn area: 86%
[16:58:37] [Server-Worker-2/INFO]: Preparing spawn area: 87%
[16:58:38] [Server-Worker-1/INFO]: Preparing spawn area: 87%
[16:58:38] [Server-Worker-1/INFO]: Preparing spawn area: 88%
[16:58:39] [Server-Worker-3/INFO]: Preparing spawn area: 88%
[16:58:39] [Server-Worker-2/INFO]: Preparing spawn area: 89%
[16:58:40] [Server-Worker-1/INFO]: Preparing spawn area: 89%
[16:58:40] [Server-Worker-1/INFO]: Preparing spawn area: 90%
[16:58:41] [Server-Worker-1/INFO]: Preparing spawn area: 93%
[16:58:41] [Server-Worker-2/INFO]: Preparing spawn area: 95%
[16:58:42] [Server-Worker-3/INFO]: Preparing spawn area: 97%
[16:58:42] [Server-Worker-1/INFO]: Preparing spawn area: 99%
[16:58:42] [Server thread/INFO]: Time elapsed: 32600 ms
[16:58:42] [Server thread/INFO]: Preparing start region for dimension 'world_the_end'/minecraft:the_end
[16:58:45] [Server thread/INFO]: Preparing spawn area: 0%
[16:58:45] [Server thread/INFO]: Preparing spawn area: 0%
[16:58:45] [Server thread/INFO]: Preparing spawn area: 0%
[16:58:45] [Server thread/INFO]: Preparing spawn area: 0%
[16:58:45] [Server thread/INFO]: Preparing spawn area: 0%
[16:58:45] [Server thread/INFO]: Preparing spawn area: 0%
[16:58:45] [Server thread/INFO]: Preparing spawn area: 49%
[16:58:46] [Server-Worker-3/INFO]: Preparing spawn area: 83%
[16:58:46] [Server-Worker-3/INFO]: Preparing spawn area: 83%
[16:58:47] [Server-Worker-1/INFO]: Preparing spawn area: 83%
[16:58:47] [Server-Worker-1/INFO]: Preparing spawn area: 83%
[16:58:48] [Server-Worker-2/INFO]: Preparing spawn area: 83%
[16:58:48] [Server-Worker-1/INFO]: Preparing spawn area: 86%
[16:58:49] [Server-Worker-3/INFO]: Preparing spawn area: 92%
[16:58:49] [Server-Worker-1/INFO]: Preparing spawn area: 97%
[16:58:49] [Server thread/INFO]: Time elapsed: 7209 ms
[16:58:50] [Server thread/INFO]: Server permissions file permissions.yml is empty, ignoring it
[16:58:50] [Server thread/INFO]: Done (206.675s)! For help, type "help"
[16:58:52] [User Authenticator #1/INFO]: UUID of player kart2003 is 0c1e3a2a-c2db-3241-90e0-d23ec8594be6
[16:58:52] [Server thread/INFO]: com.mojang.authlib.GameProfile@12fa2ad[id=0c1e3a2a-c2db-3241-90e0-d23ec8594be6,name=kart2003,properties={},legacy=false] (/90.173.250.239:55064) lost connection: Disconnected
[16:59:29] [User Authenticator #2/INFO]: UUID of player kart2003 is 0c1e3a2a-c2db-3241-90e0-d23ec8594be6
[16:59:36] [Server thread/INFO]: kart2003[/90.173.250.239:55066] logged in with entity id 73 at ([world]-903.700000025332, 80.0000002, 1919.299999974668)
[16:59:38] [Server thread/WARN]: Can't keep up! Is the server overloaded? Running 38338ms or 766 ticks behind
[17:00:29] [Server thread/WARN]: Can't keep up! Is the server overloaded? Running 20740ms or 414 ticks behind
[17:04:59] [Server thread/WARN]: Can't keep up! Is the server overloaded? Running 9647ms or 192 ticks behind
[17:15:53] [Server thread/INFO]: kart2003 lost connection: Disconnected
[17:15:53] [Server thread/INFO]: kart2003 left the game
[17:42:14] [Server thread/INFO]: Stopping the server
[17:42:14] [Server thread/INFO]: Stopping server
[17:42:14] [Server thread/INFO]: Saving players
[17:42:14] [Server thread/INFO]: Saving worlds
[17:42:14] [Server thread/INFO]: Saving chunks for level 'world'/minecraft:overworld
[17:42:15] [Server thread/INFO]: ThreadedAnvilChunkStorage (world): All chunks are saved
[17:42:15] [Server thread/INFO]: Saving chunks for level 'world_nether'/minecraft:the_nether
[17:42:15] [Server thread/INFO]: ThreadedAnvilChunkStorage (DIM-1): All chunks are saved
[17:42:15] [Server thread/INFO]: Saving chunks for level 'world_the_end'/minecraft:the_end
[17:42:15] [Server thread/INFO]: ThreadedAnvilChunkStorage (DIM1): All chunks are saved
[17:42:15] [Server thread/INFO]: ThreadedAnvilChunkStorage (world): All chunks are saved
[17:42:15] [Server thread/INFO]: ThreadedAnvilChunkStorage (DIM-1): All chunks are saved
[17:42:15] [Server thread/INFO]: ThreadedAnvilChunkStorage (DIM1): All chunks are saved
